{"/home/rsilva/Projects/meunovoapp/api/meunovoapp/src/application/use-cases/email-use-case/get-all-emails-use-case.ts": {"path":"/home/rsilva/Projects/meunovoapp/api/meunovoapp/src/application/use-cases/email-use-case/get-all-emails-use-case.ts","all":false,"statementMap":{"0":{"start":{"line":1,"column":0},"end":{"line":1,"column":46}},"1":{"start":{"line":2,"column":0},"end":{"line":2,"column":8}},"2":{"start":{"line":3,"column":0},"end":{"line":3,"column":13}},"3":{"start":{"line":4,"column":0},"end":{"line":4,"column":17}},"4":{"start":{"line":5,"column":0},"end":{"line":5,"column":45}},"5":{"start":{"line":6,"column":0},"end":{"line":6,"column":0}},"6":{"start":{"line":7,"column":0},"end":{"line":7,"column":34}},"7":{"start":{"line":8,"column":0},"end":{"line":8,"column":57}},"8":{"start":{"line":9,"column":0},"end":{"line":9,"column":0}},"9":{"start":{"line":10,"column":0},"end":{"line":10,"column":57}},"10":{"start":{"line":11,"column":0},"end":{"line":11,"column":7}},"11":{"start":{"line":12,"column":0},"end":{"line":12,"column":53}},"12":{"start":{"line":13,"column":0},"end":{"line":13,"column":24}},"13":{"start":{"line":14,"column":0},"end":{"line":14,"column":15}},"14":{"start":{"line":15,"column":0},"end":{"line":15,"column":3}},"15":{"start":{"line":16,"column":0},"end":{"line":16,"column":2}},"16":{"start":{"line":17,"column":0},"end":{"line":17,"column":1}}},"s":{"0":1,"1":1,"2":1,"3":1,"4":1,"5":1,"6":1,"7":1,"8":1,"9":1,"10":0,"11":0,"12":0,"13":0,"14":0,"15":0,"16":1},"branchMap":{"0":{"type":"branch","line":8,"loc":{"start":{"line":8,"column":1},"end":{"line":8,"column":57}},"locations":[{"start":{"line":8,"column":1},"end":{"line":8,"column":57}}]}},"b":{"0":[1]},"fnMap":{"0":{"name":"GetAllEmailsUseCase","decl":{"start":{"line":8,"column":1},"end":{"line":8,"column":57}},"loc":{"start":{"line":8,"column":1},"end":{"line":8,"column":57}},"line":8},"1":{"name":"execute","decl":{"start":{"line":10,"column":1},"end":{"line":16,"column":2}},"loc":{"start":{"line":10,"column":1},"end":{"line":16,"column":2}},"line":10}},"f":{"0":1,"1":0}}
,"/home/rsilva/Projects/meunovoapp/api/meunovoapp/src/application/use-cases/email-use-case/get-email-use-case.ts": {"path":"/home/rsilva/Projects/meunovoapp/api/meunovoapp/src/application/use-cases/email-use-case/get-email-use-case.ts","all":false,"statementMap":{"0":{"start":{"line":1,"column":0},"end":{"line":1,"column":46}},"1":{"start":{"line":2,"column":0},"end":{"line":2,"column":70}},"2":{"start":{"line":3,"column":0},"end":{"line":3,"column":0}},"3":{"start":{"line":4,"column":0},"end":{"line":4,"column":30}},"4":{"start":{"line":5,"column":0},"end":{"line":5,"column":57}},"5":{"start":{"line":6,"column":0},"end":{"line":6,"column":0}},"6":{"start":{"line":7,"column":0},"end":{"line":7,"column":51}},"7":{"start":{"line":8,"column":0},"end":{"line":8,"column":7}},"8":{"start":{"line":9,"column":0},"end":{"line":9,"column":48}},"9":{"start":{"line":10,"column":0},"end":{"line":10,"column":24}},"10":{"start":{"line":11,"column":0},"end":{"line":11,"column":15}},"11":{"start":{"line":12,"column":0},"end":{"line":12,"column":3}},"12":{"start":{"line":13,"column":0},"end":{"line":13,"column":2}},"13":{"start":{"line":14,"column":0},"end":{"line":14,"column":1}}},"s":{"0":1,"1":1,"2":1,"3":1,"4":1,"5":1,"6":1,"7":0,"8":0,"9":0,"10":0,"11":0,"12":0,"13":1},"branchMap":{"0":{"type":"branch","line":5,"loc":{"start":{"line":5,"column":1},"end":{"line":5,"column":57}},"locations":[{"start":{"line":5,"column":1},"end":{"line":5,"column":57}}]}},"b":{"0":[1]},"fnMap":{"0":{"name":"GetEmailUseCase","decl":{"start":{"line":5,"column":1},"end":{"line":5,"column":57}},"loc":{"start":{"line":5,"column":1},"end":{"line":5,"column":57}},"line":5},"1":{"name":"execute","decl":{"start":{"line":7,"column":1},"end":{"line":13,"column":2}},"loc":{"start":{"line":7,"column":1},"end":{"line":13,"column":2}},"line":7}},"f":{"0":1,"1":0}}
,"/home/rsilva/Projects/meunovoapp/api/meunovoapp/src/infra/database/prisma.ts": {"path":"/home/rsilva/Projects/meunovoapp/api/meunovoapp/src/infra/database/prisma.ts","all":false,"statementMap":{"0":{"start":{"line":1,"column":0},"end":{"line":1,"column":46}},"1":{"start":{"line":2,"column":0},"end":{"line":2,"column":0}},"2":{"start":{"line":3,"column":0},"end":{"line":3,"column":40}},"3":{"start":{"line":4,"column":0},"end":{"line":4,"column":26}},"4":{"start":{"line":5,"column":0},"end":{"line":5,"column":3}},"5":{"start":{"line":6,"column":0},"end":{"line":6,"column":0}},"6":{"start":{"line":7,"column":0},"end":{"line":7,"column":39}}},"s":{"0":1,"1":1,"2":1,"3":1,"4":1,"5":1,"6":1},"branchMap":{},"b":{},"fnMap":{},"f":{}}
,"/home/rsilva/Projects/meunovoapp/api/meunovoapp/src/infra/database/repositories/email-repository-impl.ts": {"path":"/home/rsilva/Projects/meunovoapp/api/meunovoapp/src/infra/database/repositories/email-repository-impl.ts","all":false,"statementMap":{"0":{"start":{"line":1,"column":0},"end":{"line":1,"column":8}},"1":{"start":{"line":2,"column":0},"end":{"line":2,"column":13}},"2":{"start":{"line":3,"column":0},"end":{"line":3,"column":17}},"3":{"start":{"line":4,"column":0},"end":{"line":4,"column":60}},"4":{"start":{"line":5,"column":0},"end":{"line":5,"column":46}},"5":{"start":{"line":6,"column":0},"end":{"line":6,"column":52}},"6":{"start":{"line":7,"column":0},"end":{"line":7,"column":39}},"7":{"start":{"line":8,"column":0},"end":{"line":8,"column":0}},"8":{"start":{"line":9,"column":0},"end":{"line":9,"column":61}},"9":{"start":{"line":10,"column":0},"end":{"line":10,"column":77}},"10":{"start":{"line":11,"column":0},"end":{"line":11,"column":0}},"11":{"start":{"line":12,"column":0},"end":{"line":12,"column":52}},"12":{"start":{"line":13,"column":0},"end":{"line":13,"column":7}},"13":{"start":{"line":14,"column":0},"end":{"line":14,"column":56}},"14":{"start":{"line":15,"column":0},"end":{"line":15,"column":21}},"15":{"start":{"line":16,"column":0},"end":{"line":16,"column":17}},"16":{"start":{"line":17,"column":0},"end":{"line":17,"column":27}},"17":{"start":{"line":18,"column":0},"end":{"line":18,"column":21}},"18":{"start":{"line":19,"column":0},"end":{"line":19,"column":48}},"19":{"start":{"line":20,"column":0},"end":{"line":20,"column":0}},"20":{"start":{"line":21,"column":0},"end":{"line":21,"column":25}},"21":{"start":{"line":22,"column":0},"end":{"line":22,"column":0}},"22":{"start":{"line":23,"column":0},"end":{"line":23,"column":35}},"23":{"start":{"line":24,"column":0},"end":{"line":24,"column":64}},"24":{"start":{"line":25,"column":0},"end":{"line":25,"column":0}},"25":{"start":{"line":26,"column":0},"end":{"line":26,"column":35}},"26":{"start":{"line":27,"column":0},"end":{"line":27,"column":24}},"27":{"start":{"line":28,"column":0},"end":{"line":28,"column":15}},"28":{"start":{"line":29,"column":0},"end":{"line":29,"column":3}},"29":{"start":{"line":30,"column":0},"end":{"line":30,"column":2}},"30":{"start":{"line":31,"column":0},"end":{"line":31,"column":0}},"31":{"start":{"line":32,"column":0},"end":{"line":32,"column":44}},"32":{"start":{"line":33,"column":0},"end":{"line":33,"column":7}},"33":{"start":{"line":34,"column":0},"end":{"line":34,"column":54}},"34":{"start":{"line":35,"column":0},"end":{"line":35,"column":11}},"35":{"start":{"line":36,"column":0},"end":{"line":36,"column":14}},"36":{"start":{"line":37,"column":0},"end":{"line":37,"column":6}},"37":{"start":{"line":38,"column":0},"end":{"line":38,"column":6}},"38":{"start":{"line":39,"column":0},"end":{"line":39,"column":0}},"39":{"start":{"line":40,"column":0},"end":{"line":40,"column":30}},"40":{"start":{"line":41,"column":0},"end":{"line":41,"column":24}},"41":{"start":{"line":42,"column":0},"end":{"line":42,"column":32}},"42":{"start":{"line":43,"column":0},"end":{"line":43,"column":3}},"43":{"start":{"line":44,"column":0},"end":{"line":44,"column":2}},"44":{"start":{"line":45,"column":0},"end":{"line":45,"column":0}},"45":{"start":{"line":46,"column":0},"end":{"line":46,"column":56}},"46":{"start":{"line":47,"column":0},"end":{"line":47,"column":7}},"47":{"start":{"line":48,"column":0},"end":{"line":48,"column":56}},"48":{"start":{"line":49,"column":0},"end":{"line":49,"column":12}},"49":{"start":{"line":50,"column":0},"end":{"line":50,"column":12}},"50":{"start":{"line":51,"column":0},"end":{"line":51,"column":30}},"51":{"start":{"line":52,"column":0},"end":{"line":52,"column":7}},"52":{"start":{"line":53,"column":0},"end":{"line":53,"column":10}},"53":{"start":{"line":54,"column":0},"end":{"line":54,"column":7}},"54":{"start":{"line":55,"column":0},"end":{"line":55,"column":14}},"55":{"start":{"line":56,"column":0},"end":{"line":56,"column":32}},"56":{"start":{"line":57,"column":0},"end":{"line":57,"column":9}},"57":{"start":{"line":58,"column":0},"end":{"line":58,"column":12}},"58":{"start":{"line":59,"column":0},"end":{"line":59,"column":27}},"59":{"start":{"line":60,"column":0},"end":{"line":60,"column":9}},"60":{"start":{"line":61,"column":0},"end":{"line":61,"column":8}},"61":{"start":{"line":62,"column":0},"end":{"line":62,"column":7}},"62":{"start":{"line":63,"column":0},"end":{"line":63,"column":12}},"63":{"start":{"line":64,"column":0},"end":{"line":64,"column":25}},"64":{"start":{"line":65,"column":0},"end":{"line":65,"column":9}},"65":{"start":{"line":66,"column":0},"end":{"line":66,"column":14}},"66":{"start":{"line":67,"column":0},"end":{"line":67,"column":30}},"67":{"start":{"line":68,"column":0},"end":{"line":68,"column":9}},"68":{"start":{"line":69,"column":0},"end":{"line":69,"column":8}},"69":{"start":{"line":70,"column":0},"end":{"line":70,"column":7}},"70":{"start":{"line":71,"column":0},"end":{"line":71,"column":15}},"71":{"start":{"line":72,"column":0},"end":{"line":72,"column":33}},"72":{"start":{"line":73,"column":0},"end":{"line":73,"column":7}},"73":{"start":{"line":74,"column":0},"end":{"line":74,"column":12}},"74":{"start":{"line":75,"column":0},"end":{"line":75,"column":30}},"75":{"start":{"line":76,"column":0},"end":{"line":76,"column":7}},"76":{"start":{"line":77,"column":0},"end":{"line":77,"column":18}},"77":{"start":{"line":78,"column":0},"end":{"line":78,"column":30}},"78":{"start":{"line":79,"column":0},"end":{"line":79,"column":7}},"79":{"start":{"line":80,"column":0},"end":{"line":80,"column":6}},"80":{"start":{"line":81,"column":0},"end":{"line":81,"column":25}},"81":{"start":{"line":82,"column":0},"end":{"line":82,"column":6}},"82":{"start":{"line":83,"column":0},"end":{"line":83,"column":0}},"83":{"start":{"line":84,"column":0},"end":{"line":84,"column":28}},"84":{"start":{"line":85,"column":0},"end":{"line":85,"column":0}},"85":{"start":{"line":86,"column":0},"end":{"line":86,"column":41}},"86":{"start":{"line":87,"column":0},"end":{"line":87,"column":24}},"87":{"start":{"line":88,"column":0},"end":{"line":88,"column":32}},"88":{"start":{"line":89,"column":0},"end":{"line":89,"column":3}},"89":{"start":{"line":90,"column":0},"end":{"line":90,"column":2}},"90":{"start":{"line":91,"column":0},"end":{"line":91,"column":0}},"91":{"start":{"line":92,"column":0},"end":{"line":92,"column":50}},"92":{"start":{"line":93,"column":0},"end":{"line":93,"column":7}},"93":{"start":{"line":94,"column":0},"end":{"line":94,"column":57}},"94":{"start":{"line":95,"column":0},"end":{"line":95,"column":12}},"95":{"start":{"line":96,"column":0},"end":{"line":96,"column":8}},"96":{"start":{"line":97,"column":0},"end":{"line":97,"column":6}},"97":{"start":{"line":98,"column":0},"end":{"line":98,"column":6}},"98":{"start":{"line":99,"column":0},"end":{"line":99,"column":0}},"99":{"start":{"line":100,"column":0},"end":{"line":100,"column":30}},"100":{"start":{"line":101,"column":0},"end":{"line":101,"column":0}},"101":{"start":{"line":102,"column":0},"end":{"line":102,"column":39}},"102":{"start":{"line":103,"column":0},"end":{"line":103,"column":24}},"103":{"start":{"line":104,"column":0},"end":{"line":104,"column":32}},"104":{"start":{"line":105,"column":0},"end":{"line":105,"column":3}},"105":{"start":{"line":106,"column":0},"end":{"line":106,"column":2}},"106":{"start":{"line":107,"column":0},"end":{"line":107,"column":1}}},"s":{"0":1,"1":1,"2":1,"3":1,"4":1,"5":1,"6":1,"7":1,"8":1,"9":1,"10":1,"11":1,"12":0,"13":0,"14":0,"15":0,"16":0,"17":0,"18":0,"19":0,"20":0,"21":0,"22":0,"23":0,"24":0,"25":0,"26":0,"27":0,"28":0,"29":0,"30":1,"31":1,"32":0,"33":0,"34":0,"35":0,"36":0,"37":0,"38":0,"39":0,"40":0,"41":0,"42":0,"43":0,"44":1,"45":1,"46":0,"47":0,"48":0,"49":0,"50":0,"51":0,"52":0,"53":0,"54":0,"55":0,"56":0,"57":0,"58":0,"59":0,"60":0,"61":0,"62":0,"63":0,"64":0,"65":0,"66":0,"67":0,"68":0,"69":0,"70":0,"71":0,"72":0,"73":0,"74":0,"75":0,"76":0,"77":0,"78":0,"79":0,"80":0,"81":0,"82":0,"83":0,"84":0,"85":0,"86":0,"87":0,"88":0,"89":0,"90":1,"91":1,"92":0,"93":0,"94":0,"95":0,"96":0,"97":0,"98":0,"99":0,"100":0,"101":0,"102":0,"103":0,"104":0,"105":0,"106":1},"branchMap":{"0":{"type":"branch","line":10,"loc":{"start":{"line":10,"column":1},"end":{"line":10,"column":77}},"locations":[{"start":{"line":10,"column":1},"end":{"line":10,"column":77}}]}},"b":{"0":[1]},"fnMap":{"0":{"name":"EmailRepositoryImpl","decl":{"start":{"line":10,"column":1},"end":{"line":10,"column":77}},"loc":{"start":{"line":10,"column":1},"end":{"line":10,"column":77}},"line":10},"1":{"name":"send","decl":{"start":{"line":12,"column":1},"end":{"line":30,"column":2}},"loc":{"start":{"line":12,"column":1},"end":{"line":30,"column":2}},"line":12},"2":{"name":"create","decl":{"start":{"line":32,"column":1},"end":{"line":44,"column":2}},"loc":{"start":{"line":32,"column":1},"end":{"line":44,"column":2}},"line":32},"3":{"name":"getAll","decl":{"start":{"line":46,"column":1},"end":{"line":90,"column":2}},"loc":{"start":{"line":46,"column":1},"end":{"line":90,"column":2}},"line":46},"4":{"name":"getOne","decl":{"start":{"line":92,"column":1},"end":{"line":106,"column":2}},"loc":{"start":{"line":92,"column":1},"end":{"line":106,"column":2}},"line":92}},"f":{"0":1,"1":0,"2":0,"3":0,"4":0}}
,"/home/rsilva/Projects/meunovoapp/api/meunovoapp/src/infra/providers/resend.ts": {"path":"/home/rsilva/Projects/meunovoapp/api/meunovoapp/src/infra/providers/resend.ts","all":false,"statementMap":{"0":{"start":{"line":1,"column":0},"end":{"line":1,"column":32}},"1":{"start":{"line":2,"column":0},"end":{"line":2,"column":0}},"2":{"start":{"line":3,"column":0},"end":{"line":3,"column":61}},"3":{"start":{"line":4,"column":0},"end":{"line":4,"column":0}},"4":{"start":{"line":5,"column":0},"end":{"line":5,"column":39}}},"s":{"0":1,"1":1,"2":1,"3":1,"4":1},"branchMap":{},"b":{},"fnMap":{},"f":{}}
}
